<?xml version="1.0" encoding="UTF-8"?>
<testsuite name="dps.salary.web.WebApplicationTests" tests="1" skipped="0" failures="0" errors="0" timestamp="2024-08-29T11:27:30" hostname="LAPTOP" time="0.34">
  <properties/>
  <testcase name="contextLoads()" classname="dps.salary.web.WebApplicationTests" time="0.34"/>
  <system-out><![CDATA[13:27:28.635 [Test worker] INFO org.springframework.test.context.support.AnnotationConfigContextLoaderUtils -- Could not detect default configuration classes for test class [dps.salary.web.WebApplicationTests]: WebApplicationTests does not declare any static, non-private, non-final, nested classes annotated with @Configuration.
13:27:28.720 [Test worker] INFO org.springframework.boot.test.context.SpringBootTestContextBootstrapper -- Found @SpringBootConfiguration dps.salary.web.WebApplication for test class dps.salary.web.WebApplicationTests

  .   ____          _            __ _ _
 /\\ / ___'_ __ _ _(_)_ __  __ _ \ \ \ \
( ( )\___ | '_ | '_| | '_ \/ _` | \ \ \ \
 \\/  ___)| |_)| | | | | || (_| |  ) ) ) )
  '  |____| .__|_| |_|_| |_\__, | / / / /
 =========|_|==============|___/=/_/_/_/

 :: Spring Boot ::                (v3.3.3)

2024-08-29T13:27:29.037+02:00  INFO 16752 --- [web] [    Test worker] dps.salary.web.WebApplicationTests       : Starting WebApplicationTests using Java 21.0.2 with PID 16752 (started by Oleksandr in C:\Users\Oleksandr\Desktop\web)
2024-08-29T13:27:29.038+02:00  INFO 16752 --- [web] [    Test worker] dps.salary.web.WebApplicationTests       : No active profile set, falling back to 1 default profile: "default"
2024-08-29T13:27:29.814+02:00  INFO 16752 --- [web] [    Test worker] o.s.b.a.w.s.WelcomePageHandlerMapping    : Adding welcome page template: index
2024-08-29T13:27:30.129+02:00  INFO 16752 --- [web] [    Test worker] dps.salary.web.WebApplicationTests       : Started WebApplicationTests in 1.274 seconds (process running for 2.206)
]]></system-out>
  <system-err><![CDATA[]]></system-err>
</testsuite>
